[20-Dec-2014 05:37:43 UTC] PHP Warning:  require(/home/ubuntu/workspace/basic/web/../vendor/autoload.php): failed to open stream: No such file or directory in /home/ubuntu/workspace/basic/web/index.php on line 7
[20-Dec-2014 05:37:43 UTC] PHP Fatal error:  require(): Failed opening required '/home/ubuntu/workspace/basic/web/../vendor/autoload.php' (include_path='.:/usr/share/php:/usr/share/pear') in /home/ubuntu/workspace/basic/web/index.php on line 7
[20-Dec-2014 06:11:17 UTC] PHP Parse error:  syntax error, unexpected end of file in /home/ubuntu/workspace/basic/modules/rbac/controllers/DefaultController.php on line 13
[20-Dec-2014 06:29:07 UTC] PHP Warning:  The use statement with non-compound name 'app' has no effect in /home/ubuntu/workspace/basic/modules/rbac/views/layouts/main.php on line 2
[20-Dec-2014 06:29:07 UTC] PHP Parse error:  syntax error, unexpected '/', expecting ',' or ';' in /home/ubuntu/workspace/basic/modules/rbac/views/layouts/main.php on line 2
[20-Dec-2014 06:30:17 UTC] PHP Fatal error:  Class 'Html' not found in /home/ubuntu/workspace/basic/modules/rbac/views/layouts/main.php on line 13
[20-Dec-2014 06:54:18 UTC] PHP Fatal error:  Class 'app\modules\rbac\controllers\Yii' not found in /home/ubuntu/workspace/basic/modules/rbac/controllers/DefaultController.php on line 16
[20-Dec-2014 06:54:28 UTC] PHP Fatal error:  Call to undefined method Yii::app() in /home/ubuntu/workspace/basic/modules/rbac/controllers/DefaultController.php on line 16
[20-Dec-2014 06:54:46 UTC] PHP Fatal error:  Call to undefined method Yii::app() in /home/ubuntu/workspace/basic/modules/rbac/controllers/DefaultController.php on line 17
[20-Dec-2014 07:54:45 UTC] PHP Fatal error:  Cannot declare class app\modules\rbac\models\Item because the name is already in use in /home/ubuntu/workspace/basic/modules/rbac/models/Item.php on line 18
[20-Dec-2014 08:07:29 UTC] PHP Fatal error:  Class 'ActiveForm' not found in /home/ubuntu/workspace/basic/modules/rbac/views/default/index.php on line 18
[20-Dec-2014 08:08:36 UTC] PHP Fatal error:  Class 'app\modules\rbac\models\TimestampBehavior' not found in /home/ubuntu/workspace/basic/modules/rbac/models/Item.php on line 36
[20-Dec-2014 08:09:05 UTC] PHP Fatal error:  Class 'yii\jui\AutoComplete' not found in /home/ubuntu/workspace/basic/vendor/yiisoft/yii2/widgets/ActiveField.php on line 678
[20-Dec-2014 08:45:07 UTC] PHP Parse error:  syntax error, unexpected ')' in /home/ubuntu/workspace/basic/modules/rbac/controllers/DefaultController.php on line 20
[20-Dec-2014 08:46:05 UTC] PHP Parse error:  syntax error, unexpected ';' in /home/ubuntu/workspace/basic/modules/rbac/controllers/DefaultController.php on line 19
[20-Dec-2014 10:13:34 UTC] PHP Fatal error:  Class 'app\modules\rbac\controllers\Html' not found in /home/ubuntu/workspace/basic/modules/rbac/controllers/DefaultController.php on line 34
[20-Dec-2014 11:02:37 UTC] PHP Fatal error:  Class 'app\modules\rbac\controllers\HttpException' not found in /home/ubuntu/workspace/basic/modules/rbac/controllers/DefaultController.php on line 48
[20-Dec-2014 11:53:42 UTC] PHP Fatal error:  Array callback has to contain indices 0 and 1 in /home/ubuntu/workspace/basic/modules/rbac/controllers/DefaultController.php on line 34
[20-Dec-2014 12:01:21 UTC] PHP Parse error:  syntax error, unexpected ';' in /home/ubuntu/workspace/basic/modules/rbac/controllers/DefaultController.php on line 34
[20-Dec-2014 12:03:47 UTC] PHP Fatal error:  Cannot use isset() on the result of an expression (you can use "null !== expression" instead) in /home/ubuntu/workspace/basic/modules/rbac/controllers/DefaultController.php on line 35
[20-Dec-2014 12:04:17 UTC] PHP Fatal error:  Cannot use isset() on the result of an expression (you can use "null !== expression" instead) in /home/ubuntu/workspace/basic/modules/rbac/controllers/DefaultController.php on line 35
[20-Dec-2014 12:17:52 UTC] PHP Fatal error:  Class 'app\modules\rbac\models\ItemForm' not found in /home/ubuntu/workspace/basic/modules/rbac/views/default/index.php on line 30
[20-Dec-2014 12:18:48 UTC] PHP Fatal error:  Class 'app\modules\rbac\controllers\ItemForm' not found in /home/ubuntu/workspace/basic/modules/rbac/controllers/DefaultController.php on line 33
[20-Dec-2014 12:19:10 UTC] PHP Fatal error:  Class 'app\modules\rbac\controllers\ItemForm' not found in /home/ubuntu/workspace/basic/modules/rbac/controllers/DefaultController.php on line 33
[20-Dec-2014 12:19:38 UTC] PHP Fatal error:  Class 'app\modules\rbac\controllers\Item' not found in /home/ubuntu/workspace/basic/modules/rbac/controllers/DefaultController.php on line 44
